[2023-03-27 23:10:50] local.ERROR: Please provide a valid cache path. {"exception":"[object] (InvalidArgumentException(code: 0): Please provide a valid cache path. at /Users/irishiwasdrinking/PhpstormProjects/laravel_jet/vendor/laravel/framework/src/Illuminate/View/Compilers/Compiler.php:66)
[stacktrace]
#0 /Users/irishiwasdrinking/PhpstormProjects/laravel_jet/vendor/laravel/framework/src/Illuminate/View/ViewServiceProvider.php(96): Illuminate\\View\\Compilers\\Compiler->__construct(Object(Illuminate\\Filesystem\\Filesystem), false, '', true, 'php')
#1 /Users/irishiwasdrinking/PhpstormProjects/laravel_jet/vendor/laravel/framework/src/Illuminate/Container/Container.php(885): Illuminate\\View\\ViewServiceProvider->Illuminate\\View\\{closure}(Object(Illuminate\\Foundation\\Application), Array)
#2 /Users/irishiwasdrinking/PhpstormProjects/laravel_jet/vendor/laravel/framework/src/Illuminate/Container/Container.php(770): Illuminate\\Container\\Container->build(Object(Closure))
#3 /Users/irishiwasdrinking/PhpstormProjects/laravel_jet/vendor/laravel/framework/src/Illuminate/Foundation/Application.php(933): Illuminate\\Container\\Container->resolve('blade.compiler', Array, true)
#4 /Users/irishiwasdrinking/PhpstormProjects/laravel_jet/vendor/laravel/framework/src/Illuminate/Container/Container.php(706): Illuminate\\Foundation\\Application->resolve('blade.compiler', Array)
#5 /Users/irishiwasdrinking/PhpstormProjects/laravel_jet/vendor/laravel/framework/src/Illuminate/Foundation/Application.php(918): Illuminate\\Container\\Container->make('blade.compiler', Array)
#6 /Users/irishiwasdrinking/PhpstormProjects/laravel_jet/vendor/laravel/framework/src/Illuminate/Container/Container.php(1431): Illuminate\\Foundation\\Application->make('blade.compiler')
#7 /Users/irishiwasdrinking/PhpstormProjects/laravel_jet/vendor/livewire/livewire/src/LivewireServiceProvider.php(276): Illuminate\\Container\\Container->offsetGet('blade.compiler')
#8 /Users/irishiwasdrinking/PhpstormProjects/laravel_jet/vendor/livewire/livewire/src/LivewireServiceProvider.php(79): Livewire\\LivewireServiceProvider->registerTagCompiler()
#9 /Users/irishiwasdrinking/PhpstormProjects/laravel_jet/vendor/laravel/framework/src/Illuminate/Container/BoundMethod.php(36): Livewire\\LivewireServiceProvider->boot()
#10 /Users/irishiwasdrinking/PhpstormProjects/laravel_jet/vendor/laravel/framework/src/Illuminate/Container/Util.php(41): Illuminate\\Container\\BoundMethod::Illuminate\\Container\\{closure}()
#11 /Users/irishiwasdrinking/PhpstormProjects/laravel_jet/vendor/laravel/framework/src/Illuminate/Container/BoundMethod.php(93): Illuminate\\Container\\Util::unwrapIfClosure(Object(Closure))
#12 /Users/irishiwasdrinking/PhpstormProjects/laravel_jet/vendor/laravel/framework/src/Illuminate/Container/BoundMethod.php(35): Illuminate\\Container\\BoundMethod::callBoundMethod(Object(Illuminate\\Foundation\\Application), Array, Object(Closure))
#13 /Users/irishiwasdrinking/PhpstormProjects/laravel_jet/vendor/laravel/framework/src/Illuminate/Container/Container.php(661): Illuminate\\Container\\BoundMethod::call(Object(Illuminate\\Foundation\\Application), Array, Array, NULL)
#14 /Users/irishiwasdrinking/PhpstormProjects/laravel_jet/vendor/laravel/framework/src/Illuminate/Foundation/Application.php(1006): Illuminate\\Container\\Container->call(Array)
#15 /Users/irishiwasdrinking/PhpstormProjects/laravel_jet/vendor/laravel/framework/src/Illuminate/Foundation/Application.php(987): Illuminate\\Foundation\\Application->bootProvider(Object(Livewire\\LivewireServiceProvider))
#16 [internal function]: Illuminate\\Foundation\\Application->Illuminate\\Foundation\\{closure}(Object(Livewire\\LivewireServiceProvider), 19)
#17 /Users/irishiwasdrinking/PhpstormProjects/laravel_jet/vendor/laravel/framework/src/Illuminate/Foundation/Application.php(986): array_walk(Array, Object(Closure))
#18 /Users/irishiwasdrinking/PhpstormProjects/laravel_jet/vendor/laravel/framework/src/Illuminate/Foundation/Bootstrap/BootProviders.php(17): Illuminate\\Foundation\\Application->boot()
#19 /Users/irishiwasdrinking/PhpstormProjects/laravel_jet/vendor/laravel/framework/src/Illuminate/Foundation/Application.php(261): Illuminate\\Foundation\\Bootstrap\\BootProviders->bootstrap(Object(Illuminate\\Foundation\\Application))
#20 /Users/irishiwasdrinking/PhpstormProjects/laravel_jet/vendor/laravel/framework/src/Illuminate/Foundation/Console/Kernel.php(428): Illuminate\\Foundation\\Application->bootstrapWith(Array)
#21 /Users/irishiwasdrinking/PhpstormProjects/laravel_jet/vendor/laravel/framework/src/Illuminate/Foundation/Console/Kernel.php(198): Illuminate\\Foundation\\Console\\Kernel->bootstrap()
#22 /Users/irishiwasdrinking/PhpstormProjects/laravel_jet/artisan(35): Illuminate\\Foundation\\Console\\Kernel->handle(Object(Symfony\\Component\\Console\\Input\\ArgvInput), Object(Symfony\\Component\\Console\\Output\\ConsoleOutput))
#23 {main}
"} 
[2023-03-27 23:11:26] local.ERROR: Please provide a valid cache path. {"exception":"[object] (InvalidArgumentException(code: 0): Please provide a valid cache path. at /Users/irishiwasdrinking/PhpstormProjects/laravel_jet/vendor/laravel/framework/src/Illuminate/View/Compilers/Compiler.php:66)
[stacktrace]
#0 /Users/irishiwasdrinking/PhpstormProjects/laravel_jet/vendor/laravel/framework/src/Illuminate/View/ViewServiceProvider.php(96): Illuminate\\View\\Compilers\\Compiler->__construct(Object(Illuminate\\Filesystem\\Filesystem), false, '', true, 'php')
#1 /Users/irishiwasdrinking/PhpstormProjects/laravel_jet/vendor/laravel/framework/src/Illuminate/Container/Container.php(885): Illuminate\\View\\ViewServiceProvider->Illuminate\\View\\{closure}(Object(Illuminate\\Foundation\\Application), Array)
#2 /Users/irishiwasdrinking/PhpstormProjects/laravel_jet/vendor/laravel/framework/src/Illuminate/Container/Container.php(770): Illuminate\\Container\\Container->build(Object(Closure))
#3 /Users/irishiwasdrinking/PhpstormProjects/laravel_jet/vendor/laravel/framework/src/Illuminate/Foundation/Application.php(933): Illuminate\\Container\\Container->resolve('blade.compiler', Array, true)
#4 /Users/irishiwasdrinking/PhpstormProjects/laravel_jet/vendor/laravel/framework/src/Illuminate/Container/Container.php(706): Illuminate\\Foundation\\Application->resolve('blade.compiler', Array)
#5 /Users/irishiwasdrinking/PhpstormProjects/laravel_jet/vendor/laravel/framework/src/Illuminate/Foundation/Application.php(918): Illuminate\\Container\\Container->make('blade.compiler', Array)
#6 /Users/irishiwasdrinking/PhpstormProjects/laravel_jet/vendor/laravel/framework/src/Illuminate/Container/Container.php(1431): Illuminate\\Foundation\\Application->make('blade.compiler')
#7 /Users/irishiwasdrinking/PhpstormProjects/laravel_jet/vendor/livewire/livewire/src/LivewireServiceProvider.php(276): Illuminate\\Container\\Container->offsetGet('blade.compiler')
#8 /Users/irishiwasdrinking/PhpstormProjects/laravel_jet/vendor/livewire/livewire/src/LivewireServiceProvider.php(79): Livewire\\LivewireServiceProvider->registerTagCompiler()
#9 /Users/irishiwasdrinking/PhpstormProjects/laravel_jet/vendor/laravel/framework/src/Illuminate/Container/BoundMethod.php(36): Livewire\\LivewireServiceProvider->boot()
#10 /Users/irishiwasdrinking/PhpstormProjects/laravel_jet/vendor/laravel/framework/src/Illuminate/Container/Util.php(41): Illuminate\\Container\\BoundMethod::Illuminate\\Container\\{closure}()
#11 /Users/irishiwasdrinking/PhpstormProjects/laravel_jet/vendor/laravel/framework/src/Illuminate/Container/BoundMethod.php(93): Illuminate\\Container\\Util::unwrapIfClosure(Object(Closure))
#12 /Users/irishiwasdrinking/PhpstormProjects/laravel_jet/vendor/laravel/framework/src/Illuminate/Container/BoundMethod.php(35): Illuminate\\Container\\BoundMethod::callBoundMethod(Object(Illuminate\\Foundation\\Application), Array, Object(Closure))
#13 /Users/irishiwasdrinking/PhpstormProjects/laravel_jet/vendor/laravel/framework/src/Illuminate/Container/Container.php(661): Illuminate\\Container\\BoundMethod::call(Object(Illuminate\\Foundation\\Application), Array, Array, NULL)
#14 /Users/irishiwasdrinking/PhpstormProjects/laravel_jet/vendor/laravel/framework/src/Illuminate/Foundation/Application.php(1006): Illuminate\\Container\\Container->call(Array)
#15 /Users/irishiwasdrinking/PhpstormProjects/laravel_jet/vendor/laravel/framework/src/Illuminate/Foundation/Application.php(987): Illuminate\\Foundation\\Application->bootProvider(Object(Livewire\\LivewireServiceProvider))
#16 [internal function]: Illuminate\\Foundation\\Application->Illuminate\\Foundation\\{closure}(Object(Livewire\\LivewireServiceProvider), 19)
#17 /Users/irishiwasdrinking/PhpstormProjects/laravel_jet/vendor/laravel/framework/src/Illuminate/Foundation/Application.php(986): array_walk(Array, Object(Closure))
#18 /Users/irishiwasdrinking/PhpstormProjects/laravel_jet/vendor/laravel/framework/src/Illuminate/Foundation/Bootstrap/BootProviders.php(17): Illuminate\\Foundation\\Application->boot()
#19 /Users/irishiwasdrinking/PhpstormProjects/laravel_jet/vendor/laravel/framework/src/Illuminate/Foundation/Application.php(261): Illuminate\\Foundation\\Bootstrap\\BootProviders->bootstrap(Object(Illuminate\\Foundation\\Application))
#20 /Users/irishiwasdrinking/PhpstormProjects/laravel_jet/vendor/laravel/framework/src/Illuminate/Foundation/Console/Kernel.php(428): Illuminate\\Foundation\\Application->bootstrapWith(Array)
#21 /Users/irishiwasdrinking/PhpstormProjects/laravel_jet/vendor/laravel/framework/src/Illuminate/Foundation/Console/Kernel.php(198): Illuminate\\Foundation\\Console\\Kernel->bootstrap()
#22 /Users/irishiwasdrinking/PhpstormProjects/laravel_jet/artisan(35): Illuminate\\Foundation\\Console\\Kernel->handle(Object(Symfony\\Component\\Console\\Input\\ArgvInput), Object(Symfony\\Component\\Console\\Output\\ConsoleOutput))
#23 {main}
"} 
[2023-04-25 18:29:11] local.ERROR: There are no commands defined in the "clear" namespace. {"exception":"[object] (Symfony\\Component\\Console\\Exception\\NamespaceNotFoundException(code: 0): There are no commands defined in the \"clear\" namespace. at /Users/irishiwasdrinking/PhpstormProjects/laravel_jet/vendor/symfony/console/Application.php:632)
[stacktrace]
#0 /Users/irishiwasdrinking/PhpstormProjects/laravel_jet/vendor/symfony/console/Application.php(683): Symfony\\Component\\Console\\Application->findNamespace('clear')
#1 /Users/irishiwasdrinking/PhpstormProjects/laravel_jet/vendor/symfony/console/Application.php(256): Symfony\\Component\\Console\\Application->find('clear:cache')
#2 /Users/irishiwasdrinking/PhpstormProjects/laravel_jet/vendor/symfony/console/Application.php(168): Symfony\\Component\\Console\\Application->doRun(Object(Symfony\\Component\\Console\\Input\\ArgvInput), Object(Symfony\\Component\\Console\\Output\\ConsoleOutput))
#3 /Users/irishiwasdrinking/PhpstormProjects/laravel_jet/vendor/laravel/framework/src/Illuminate/Foundation/Console/Kernel.php(200): Symfony\\Component\\Console\\Application->run(Object(Symfony\\Component\\Console\\Input\\ArgvInput), Object(Symfony\\Component\\Console\\Output\\ConsoleOutput))
#4 /Users/irishiwasdrinking/PhpstormProjects/laravel_jet/artisan(35): Illuminate\\Foundation\\Console\\Kernel->handle(Object(Symfony\\Component\\Console\\Input\\ArgvInput), Object(Symfony\\Component\\Console\\Output\\ConsoleOutput))
#5 {main}
"} 
